    ======  ======
    Time:2019-06-06 10:08:19 AM
    Title: Initiate log
    Message: 
    Time:2019-06-06 10:08:19 AM
    Title: Initiate InternalManager
    Message: Trying to Validate License
    Time:2019-06-06 10:08:19 AM
    Title: Requesting EVT
    Message: EVTP
    Time:2019-06-06 10:08:19 AM
    Title: Requesting Validation
    Message: ILMValidate
    Time:2019-06-06 10:08:19 AM
    Title: Requesting Validation
    Message: ILMValidate True
    Time:2019-06-06 10:08:19 AM
    Title: Requesting Validation
    Message: ILMValidate True NotTrial
    Entering constructor for: Telerik.CommonPackage.VSPackage
    Entering Initialize() of: Telerik.CommonPackage.VSPackage
